000 (3180.000.000) 10/26 20:22:32 Job submitted from host: <171.67.84.208:39389>
...
001 (3180.000.000) 10/26 20:22:52 Job executing on host: <171.67.84.210:40802>
...
006 (3180.000.000) 10/26 20:23:01 Image size of job updated: 101900
	4  -  MemoryUsage of job (MB)
	3372  -  ResidentSetSize of job (KB)
...
006 (3180.000.000) 10/26 20:28:02 Image size of job updated: 101900
	4  -  MemoryUsage of job (MB)
	3636  -  ResidentSetSize of job (KB)
...
006 (3180.000.000) 10/26 20:43:03 Image size of job updated: 101900
	4  -  MemoryUsage of job (MB)
	3900  -  ResidentSetSize of job (KB)
...
006 (3180.000.000) 10/26 20:58:05 Image size of job updated: 101900
	5  -  MemoryUsage of job (MB)
	4164  -  ResidentSetSize of job (KB)
...
006 (3180.000.000) 10/26 21:13:07 Image size of job updated: 101900
	5  -  MemoryUsage of job (MB)
	4692  -  ResidentSetSize of job (KB)
...
006 (3180.000.000) 10/26 21:38:09 Image size of job updated: 101900
	5  -  MemoryUsage of job (MB)
	4956  -  ResidentSetSize of job (KB)
...
006 (3180.000.000) 10/26 22:28:14 Image size of job updated: 101900
	6  -  MemoryUsage of job (MB)
	6012  -  ResidentSetSize of job (KB)
...
006 (3180.000.000) 10/26 22:53:16 Image size of job updated: 101900
	7  -  MemoryUsage of job (MB)
	6276  -  ResidentSetSize of job (KB)
...
006 (3180.000.000) 10/27 00:13:26 Image size of job updated: 101900
	7  -  MemoryUsage of job (MB)
	7068  -  ResidentSetSize of job (KB)
...
006 (3180.000.000) 10/27 09:44:27 Image size of job updated: 101900
	9  -  MemoryUsage of job (MB)
	8916  -  ResidentSetSize of job (KB)
...
006 (3180.000.000) 10/27 13:49:53 Image size of job updated: 101900
	9  -  MemoryUsage of job (MB)
	9180  -  ResidentSetSize of job (KB)
...
006 (3180.000.000) 10/27 14:39:57 Image size of job updated: 101900
	10  -  MemoryUsage of job (MB)
	9444  -  ResidentSetSize of job (KB)
...
006 (3180.000.000) 10/27 15:30:02 Image size of job updated: 101900
	10  -  MemoryUsage of job (MB)
	9972  -  ResidentSetSize of job (KB)
...
006 (3180.000.000) 10/27 15:45:04 Image size of job updated: 101900
	11  -  MemoryUsage of job (MB)
	11028  -  ResidentSetSize of job (KB)
...
006 (3180.000.000) 10/27 15:55:05 Image size of job updated: 101900
	12  -  MemoryUsage of job (MB)
	11292  -  ResidentSetSize of job (KB)
...
006 (3180.000.000) 10/27 16:45:11 Image size of job updated: 101900
	12  -  MemoryUsage of job (MB)
	11820  -  ResidentSetSize of job (KB)
...
005 (3180.000.000) 11/03 07:53:41 Job terminated.
	(1) Normal termination (return value 0)
		Usr 7 09:14:59, Sys 0 00:39:20  -  Run Remote Usage
		Usr 0 00:00:00, Sys 0 00:00:00  -  Run Local Usage
		Usr 7 09:14:59, Sys 0 00:39:20  -  Total Remote Usage
		Usr 0 00:00:00, Sys 0 00:00:00  -  Total Local Usage
	0  -  Run Bytes Sent By Job
	0  -  Run Bytes Received By Job
	0  -  Total Bytes Sent By Job
	0  -  Total Bytes Received By Job
	Partitionable Resources :    Usage  Request          
	   Cpus                 :                 1          
	   Disk (KB)            :      225      225          
	   Memory (MB)          :       12       12          
...
